<?xml version="1.0" encoding="UTF-8"?>
<!-- Generated by org.testng.reporters.JUnitXMLReporter -->
<testsuite ignored="2" hostname="Bhanus-MacBook-Air.local" failures="0" tests="0" time="9.793" errors="0" timestamp="2022-06-02T10:50:06 EDT">
  <testcase classname="com.javalearning.TestNG_FBpage" name="@BeforeTest launchBrowser" time="9.712">
    <failure type="org.openqa.selenium.SessionNotCreatedException" message="session not created: This version of ChromeDriver only supports Chrome version 92
Current browser version is 102.0.5005.61 with binary path /Applications/Google Chrome.app/Contents/MacOS/Google Chrome
Build info: version: &amp;apos;3.141.59&amp;apos;, revision: &amp;apos;e82be7d358&amp;apos;, time: &amp;apos;2018-11-14T08:25:53&amp;apos;
System info: host: &amp;apos;Bhanus-MacBook-Air.local&amp;apos;, ip: &amp;apos;2601:188:8280:15e0:dd66:8a37:e093:6d48%en0&amp;apos;, os.name: &amp;apos;Mac OS X&amp;apos;, os.arch: &amp;apos;x86_64&amp;apos;, os.version: &amp;apos;10.16&amp;apos;, java.version: &amp;apos;13.0.1&amp;apos;
Driver info: driver.version: ChromeDriver
remote stacktrace: 0   chromedriver_V92                    0x0000000108edceb9 chromedriver_V92 + 3059385
1   chromedriver_V92                    0x00000001095e8963 chromedriver_V92 + 10447203
2   chromedriver_V92                    0x0000000108c1c2e8 chromedriver_V92 + 172776
3   chromedriver_V92                    0x0000000108c4216d chromedriver_V92 + 328045
4   chromedriver_V92                    0x0000000108c3dca6 chromedriver_V92 + 310438
5   chromedriver_V92                    0x0000000108c3a7be chromedriver_V92 + 296894
6   chromedriver_V92                    0x0000000108c7354b chromedriver_V92 + 529739
7   chromedriver_V92                    0x0000000108c6db83 chromedriver_V92 + 506755
8   chromedriver_V92                    0x0000000108c44480 chromedriver_V92 + 337024
9   chromedriver_V92                    0x0000000108c45615 chromedriver_V92 + 341525
10  chromedriver_V92                    0x0000000108ea7d9f chromedriver_V92 + 2842015
11  chromedriver_V92                    0x0000000108eb8562 chromedriver_V92 + 2909538
12  chromedriver_V92                    0x0000000108eb97cc chromedriver_V92 + 2914252
13  chromedriver_V92                    0x0000000108e8cf41 chromedriver_V92 + 2731841
14  chromedriver_V92                    0x0000000108eb9c9f chromedriver_V92 + 2915487
15  chromedriver_V92                    0x0000000108e9d48c chromedriver_V92 + 2798732
16  chromedriver_V92                    0x0000000108ed1c68 chromedriver_V92 + 3013736
17  chromedriver_V92                    0x0000000108ed1df1 chromedriver_V92 + 3014129
18  chromedriver_V92                    0x0000000108ee2b68 chromedriver_V92 + 3083112
19  libsystem_pthread.dylib             0x00007fff203c88fc _pthread_start + 224
20  libsystem_pthread.dylib             0x00007fff203c4443 thread_start + 15
">
      <![CDATA[org.openqa.selenium.SessionNotCreatedException: session not created: This version of ChromeDriver only supports Chrome version 92
Current browser version is 102.0.5005.61 with binary path /Applications/Google Chrome.app/Contents/MacOS/Google Chrome
Build info: version: '3.141.59', revision: 'e82be7d358', time: '2018-11-14T08:25:53'
System info: host: 'Bhanus-MacBook-Air.local', ip: '2601:188:8280:15e0:dd66:8a37:e093:6d48%en0', os.name: 'Mac OS X', os.arch: 'x86_64', os.version: '10.16', java.version: '13.0.1'
Driver info: driver.version: ChromeDriver
remote stacktrace: 0   chromedriver_V92                    0x0000000108edceb9 chromedriver_V92 + 3059385
1   chromedriver_V92                    0x00000001095e8963 chromedriver_V92 + 10447203
2   chromedriver_V92                    0x0000000108c1c2e8 chromedriver_V92 + 172776
3   chromedriver_V92                    0x0000000108c4216d chromedriver_V92 + 328045
4   chromedriver_V92                    0x0000000108c3dca6 chromedriver_V92 + 310438
5   chromedriver_V92                    0x0000000108c3a7be chromedriver_V92 + 296894
6   chromedriver_V92                    0x0000000108c7354b chromedriver_V92 + 529739
7   chromedriver_V92                    0x0000000108c6db83 chromedriver_V92 + 506755
8   chromedriver_V92                    0x0000000108c44480 chromedriver_V92 + 337024
9   chromedriver_V92                    0x0000000108c45615 chromedriver_V92 + 341525
10  chromedriver_V92                    0x0000000108ea7d9f chromedriver_V92 + 2842015
11  chromedriver_V92                    0x0000000108eb8562 chromedriver_V92 + 2909538
12  chromedriver_V92                    0x0000000108eb97cc chromedriver_V92 + 2914252
13  chromedriver_V92                    0x0000000108e8cf41 chromedriver_V92 + 2731841
14  chromedriver_V92                    0x0000000108eb9c9f chromedriver_V92 + 2915487
15  chromedriver_V92                    0x0000000108e9d48c chromedriver_V92 + 2798732
16  chromedriver_V92                    0x0000000108ed1c68 chromedriver_V92 + 3013736
17  chromedriver_V92                    0x0000000108ed1df1 chromedriver_V92 + 3014129
18  chromedriver_V92                    0x0000000108ee2b68 chromedriver_V92 + 3083112
19  libsystem_pthread.dylib             0x00007fff203c88fc _pthread_start + 224
20  libsystem_pthread.dylib             0x00007fff203c4443 thread_start + 15

at java.base/jdk.internal.reflect.NativeConstructorAccessorImpl.newInstance0(Native Method)
at java.base/jdk.internal.reflect.NativeConstructorAccessorImpl.newInstance(NativeConstructorAccessorImpl.java:62)
at java.base/jdk.internal.reflect.DelegatingConstructorAccessorImpl.newInstance(DelegatingConstructorAccessorImpl.java:45)
at java.base/java.lang.reflect.Constructor.newInstanceWithCaller(Constructor.java:500)
at java.base/java.lang.reflect.Constructor.newInstance(Constructor.java:481)
at org.openqa.selenium.remote.W3CHandshakeResponse.lambda$errorHandler$0(W3CHandshakeResponse.java:62)
at org.openqa.selenium.remote.HandshakeResponse.lambda$getResponseFunction$0(HandshakeResponse.java:30)
at org.openqa.selenium.remote.ProtocolHandshake.lambda$createSession$0(ProtocolHandshake.java:126)
at java.base/java.util.stream.ReferencePipeline$3$1.accept(ReferencePipeline.java:195)
at java.base/java.util.Spliterators$ArraySpliterator.tryAdvance(Spliterators.java:958)
at java.base/java.util.stream.ReferencePipeline.forEachWithCancel(ReferencePipeline.java:127)
at java.base/java.util.stream.AbstractPipeline.copyIntoWithCancel(AbstractPipeline.java:502)
at java.base/java.util.stream.AbstractPipeline.copyInto(AbstractPipeline.java:488)
at java.base/java.util.stream.AbstractPipeline.wrapAndCopyInto(AbstractPipeline.java:474)
at java.base/java.util.stream.FindOps$FindOp.evaluateSequential(FindOps.java:150)
at java.base/java.util.stream.AbstractPipeline.evaluate(AbstractPipeline.java:234)
at java.base/java.util.stream.ReferencePipeline.findFirst(ReferencePipeline.java:543)
at org.openqa.selenium.remote.ProtocolHandshake.createSession(ProtocolHandshake.java:128)
at org.openqa.selenium.remote.ProtocolHandshake.createSession(ProtocolHandshake.java:74)
at org.openqa.selenium.remote.HttpCommandExecutor.execute(HttpCommandExecutor.java:136)
at org.openqa.selenium.remote.service.DriverCommandExecutor.execute(DriverCommandExecutor.java:83)
at org.openqa.selenium.remote.RemoteWebDriver.execute(RemoteWebDriver.java:552)
at org.openqa.selenium.remote.RemoteWebDriver.startSession(RemoteWebDriver.java:213)
at org.openqa.selenium.remote.RemoteWebDriver.<init>(RemoteWebDriver.java:131)
at org.openqa.selenium.chrome.ChromeDriver.<init>(ChromeDriver.java:181)
at org.openqa.selenium.chrome.ChromeDriver.<init>(ChromeDriver.java:168)
at org.openqa.selenium.chrome.ChromeDriver.<init>(ChromeDriver.java:123)
at com.javalearning.TestNG_FBpage.launchBrowser(TestNG_FBpage.java:27)
at java.base/jdk.internal.reflect.NativeMethodAccessorImpl.invoke0(Native Method)
at java.base/jdk.internal.reflect.NativeMethodAccessorImpl.invoke(NativeMethodAccessorImpl.java:62)
at java.base/jdk.internal.reflect.DelegatingMethodAccessorImpl.invoke(DelegatingMethodAccessorImpl.java:43)
at java.base/java.lang.reflect.Method.invoke(Method.java:567)
at org.testng.internal.MethodInvocationHelper.invokeMethod(MethodInvocationHelper.java:133)
at org.testng.internal.MethodInvocationHelper.invokeMethodConsideringTimeout(MethodInvocationHelper.java:62)
at org.testng.internal.ConfigInvoker.invokeConfigurationMethod(ConfigInvoker.java:385)
at org.testng.internal.ConfigInvoker.invokeConfigurations(ConfigInvoker.java:321)
at org.testng.TestRunner.invokeTestConfigurations(TestRunner.java:637)
at org.testng.TestRunner.beforeRun(TestRunner.java:627)
at org.testng.TestRunner.run(TestRunner.java:589)
at org.testng.SuiteRunner.runTest(SuiteRunner.java:377)
at org.testng.SuiteRunner.runSequentially(SuiteRunner.java:371)
at org.testng.SuiteRunner.privateRun(SuiteRunner.java:332)
at org.testng.SuiteRunner.run(SuiteRunner.java:276)
at org.testng.SuiteRunnerWorker.runSuite(SuiteRunnerWorker.java:53)
at org.testng.SuiteRunnerWorker.run(SuiteRunnerWorker.java:96)
at org.testng.TestNG.runSuitesSequentially(TestNG.java:1212)
at org.testng.TestNG.runSuitesLocally(TestNG.java:1134)
at org.testng.TestNG.runSuites(TestNG.java:1063)
at org.testng.TestNG.run(TestNG.java:1031)
at org.testng.remote.AbstractRemoteTestNG.run(AbstractRemoteTestNG.java:115)
at org.testng.remote.RemoteTestNG.initAndRun(RemoteTestNG.java:251)
at org.testng.remote.RemoteTestNG.main(RemoteTestNG.java:77)
]]>
    </failure>
  </testcase> <!-- @BeforeTest launchBrowser -->
  <testcase classname="com.javalearning.TestNG_FBpage" name="@AfterTest quitBrowser" time="-1.654181406316E9">
    <skipped/>
  </testcase> <!-- @AfterTest quitBrowser -->
  <testcase classname="com.javalearning.TestNG_FBpage" name="registration" time="0.0">
    <ignored/>
  </testcase> <!-- registration -->
  <testcase classname="com.javalearning.TestNG_FBpage" name="getTitle" time="0.0">
    <ignored/>
  </testcase> <!-- getTitle -->
</testsuite>
