<?xml version="1.0" encoding="UTF-8"?>
<!-- Generated by org.testng.reporters.JUnitReportReporter -->
<testsuite hostname="Bhanus-MacBook-Air.local" failures="0" tests="2" name="com.javalearning.ActionsLearn" time="6.521" errors="1" timestamp="2022-05-20T22:40:21 EDT" skipped="1">
  <testcase classname="com.javalearning.ActionsLearn" name="launchBrowser" time="6.521">
    <error message="session not created: This version of ChromeDriver only supports Chrome version 93
Current browser version is 101.0.4951.64 with binary path /Applications/Google Chrome.app/Contents/MacOS/Google Chrome
Build info: version: &#039;3.141.59&#039;, revision: &#039;e82be7d358&#039;, time: &#039;2018-11-14T08:25:53&#039;
System info: host: &#039;Bhanus-MacBook-Air.local&#039;, ip: &#039;2601:188:8280:15e0:9521:e74e:6e39:8103%en0&#039;, os.name: &#039;Mac OS X&#039;, os.arch: &#039;x86_64&#039;, os.version: &#039;10.16&#039;, java.version: &#039;13.0.1&#039;
Driver info: driver.version: ChromeDriver
remote stacktrace: 0   chromedriver_V93                    0x000000010377a6d9 chromedriver_V93 + 2758361
1   chromedriver_V93                    0x0000000103e2d893 chromedriver_V93 + 9783443
2   chromedriver_V93                    0x0000000103505ad8 chromedriver_V93 + 183000
3   chromedriver_V93                    0x000000010352b7e5 chromedriver_V93 + 337893
4   chromedriver_V93                    0x0000000103527403 chromedriver_V93 + 320515
5   chromedriver_V93                    0x0000000103523b16 chromedriver_V93 + 305942
6   chromedriver_V93                    0x000000010355ca82 chromedriver_V93 + 539266
7   chromedriver_V93                    0x0000000103556d43 chromedriver_V93 + 515395
8   chromedriver_V93                    0x000000010352da0e chromedriver_V93 + 346638
9   chromedriver_V93                    0x000000010352ec75 chromedriver_V93 + 351349
10  chromedriver_V93                    0x00000001037411df chromedriver_V93 + 2523615
11  chromedriver_V93                    0x00000001037539f2 chromedriver_V93 + 2599410
12  chromedriver_V93                    0x000000010372602b chromedriver_V93 + 2412587
13  chromedriver_V93                    0x0000000103754e1a chromedriver_V93 + 2604570
14  chromedriver_V93                    0x000000010373696c chromedriver_V93 + 2480492
15  chromedriver_V93                    0x000000010376ed38 chromedriver_V93 + 2710840
16  chromedriver_V93                    0x000000010376eec1 chromedriver_V93 + 2711233
17  chromedriver_V93                    0x000000010377f6f8 chromedriver_V93 + 2778872
18  libsystem_pthread.dylib             0x00007fff203c88fc _pthread_start + 224
19  libsystem_pthread.dylib             0x00007fff203c4443 thread_start + 15
" type="org.openqa.selenium.SessionNotCreatedException">
      <![CDATA[org.openqa.selenium.SessionNotCreatedException: session not created: This version of ChromeDriver only supports Chrome version 93
Current browser version is 101.0.4951.64 with binary path /Applications/Google Chrome.app/Contents/MacOS/Google Chrome
Build info: version: '3.141.59', revision: 'e82be7d358', time: '2018-11-14T08:25:53'
System info: host: 'Bhanus-MacBook-Air.local', ip: '2601:188:8280:15e0:9521:e74e:6e39:8103%en0', os.name: 'Mac OS X', os.arch: 'x86_64', os.version: '10.16', java.version: '13.0.1'
Driver info: driver.version: ChromeDriver
remote stacktrace: 0   chromedriver_V93                    0x000000010377a6d9 chromedriver_V93 + 2758361
1   chromedriver_V93                    0x0000000103e2d893 chromedriver_V93 + 9783443
2   chromedriver_V93                    0x0000000103505ad8 chromedriver_V93 + 183000
3   chromedriver_V93                    0x000000010352b7e5 chromedriver_V93 + 337893
4   chromedriver_V93                    0x0000000103527403 chromedriver_V93 + 320515
5   chromedriver_V93                    0x0000000103523b16 chromedriver_V93 + 305942
6   chromedriver_V93                    0x000000010355ca82 chromedriver_V93 + 539266
7   chromedriver_V93                    0x0000000103556d43 chromedriver_V93 + 515395
8   chromedriver_V93                    0x000000010352da0e chromedriver_V93 + 346638
9   chromedriver_V93                    0x000000010352ec75 chromedriver_V93 + 351349
10  chromedriver_V93                    0x00000001037411df chromedriver_V93 + 2523615
11  chromedriver_V93                    0x00000001037539f2 chromedriver_V93 + 2599410
12  chromedriver_V93                    0x000000010372602b chromedriver_V93 + 2412587
13  chromedriver_V93                    0x0000000103754e1a chromedriver_V93 + 2604570
14  chromedriver_V93                    0x000000010373696c chromedriver_V93 + 2480492
15  chromedriver_V93                    0x000000010376ed38 chromedriver_V93 + 2710840
16  chromedriver_V93                    0x000000010376eec1 chromedriver_V93 + 2711233
17  chromedriver_V93                    0x000000010377f6f8 chromedriver_V93 + 2778872
18  libsystem_pthread.dylib             0x00007fff203c88fc _pthread_start + 224
19  libsystem_pthread.dylib             0x00007fff203c4443 thread_start + 15

at java.base/jdk.internal.reflect.NativeConstructorAccessorImpl.newInstance0(Native Method)
at java.base/jdk.internal.reflect.NativeConstructorAccessorImpl.newInstance(NativeConstructorAccessorImpl.java:62)
at java.base/jdk.internal.reflect.DelegatingConstructorAccessorImpl.newInstance(DelegatingConstructorAccessorImpl.java:45)
at java.base/java.lang.reflect.Constructor.newInstanceWithCaller(Constructor.java:500)
at java.base/java.lang.reflect.Constructor.newInstance(Constructor.java:481)
at org.openqa.selenium.remote.W3CHandshakeResponse.lambda$errorHandler$0(W3CHandshakeResponse.java:62)
at org.openqa.selenium.remote.HandshakeResponse.lambda$getResponseFunction$0(HandshakeResponse.java:30)
at org.openqa.selenium.remote.ProtocolHandshake.lambda$createSession$0(ProtocolHandshake.java:126)
at java.base/java.util.stream.ReferencePipeline$3$1.accept(ReferencePipeline.java:195)
at java.base/java.util.Spliterators$ArraySpliterator.tryAdvance(Spliterators.java:958)
at java.base/java.util.stream.ReferencePipeline.forEachWithCancel(ReferencePipeline.java:127)
at java.base/java.util.stream.AbstractPipeline.copyIntoWithCancel(AbstractPipeline.java:502)
at java.base/java.util.stream.AbstractPipeline.copyInto(AbstractPipeline.java:488)
at java.base/java.util.stream.AbstractPipeline.wrapAndCopyInto(AbstractPipeline.java:474)
at java.base/java.util.stream.FindOps$FindOp.evaluateSequential(FindOps.java:150)
at java.base/java.util.stream.AbstractPipeline.evaluate(AbstractPipeline.java:234)
at java.base/java.util.stream.ReferencePipeline.findFirst(ReferencePipeline.java:543)
at org.openqa.selenium.remote.ProtocolHandshake.createSession(ProtocolHandshake.java:128)
at org.openqa.selenium.remote.ProtocolHandshake.createSession(ProtocolHandshake.java:74)
at org.openqa.selenium.remote.HttpCommandExecutor.execute(HttpCommandExecutor.java:136)
at org.openqa.selenium.remote.service.DriverCommandExecutor.execute(DriverCommandExecutor.java:83)
at org.openqa.selenium.remote.RemoteWebDriver.execute(RemoteWebDriver.java:552)
at org.openqa.selenium.remote.RemoteWebDriver.startSession(RemoteWebDriver.java:213)
at org.openqa.selenium.remote.RemoteWebDriver.<init>(RemoteWebDriver.java:131)
at org.openqa.selenium.chrome.ChromeDriver.<init>(ChromeDriver.java:181)
at org.openqa.selenium.chrome.ChromeDriver.<init>(ChromeDriver.java:168)
at org.openqa.selenium.chrome.ChromeDriver.<init>(ChromeDriver.java:123)
at com.javalearning.ActionsLearn.launchBrowser(ActionsLearn.java:23)
at java.base/jdk.internal.reflect.NativeMethodAccessorImpl.invoke0(Native Method)
at java.base/jdk.internal.reflect.NativeMethodAccessorImpl.invoke(NativeMethodAccessorImpl.java:62)
at java.base/jdk.internal.reflect.DelegatingMethodAccessorImpl.invoke(DelegatingMethodAccessorImpl.java:43)
at java.base/java.lang.reflect.Method.invoke(Method.java:567)
at org.testng.internal.MethodInvocationHelper.invokeMethod(MethodInvocationHelper.java:133)
at org.testng.internal.MethodInvocationHelper.invokeMethodConsideringTimeout(MethodInvocationHelper.java:62)
at org.testng.internal.ConfigInvoker.invokeConfigurationMethod(ConfigInvoker.java:385)
at org.testng.internal.ConfigInvoker.invokeConfigurations(ConfigInvoker.java:321)
at org.testng.TestRunner.invokeTestConfigurations(TestRunner.java:637)
at org.testng.TestRunner.beforeRun(TestRunner.java:627)
at org.testng.TestRunner.run(TestRunner.java:589)
at org.testng.SuiteRunner.runTest(SuiteRunner.java:377)
at org.testng.SuiteRunner.runSequentially(SuiteRunner.java:371)
at org.testng.SuiteRunner.privateRun(SuiteRunner.java:332)
at org.testng.SuiteRunner.run(SuiteRunner.java:276)
at org.testng.SuiteRunnerWorker.runSuite(SuiteRunnerWorker.java:53)
at org.testng.SuiteRunnerWorker.run(SuiteRunnerWorker.java:96)
at org.testng.TestNG.runSuitesSequentially(TestNG.java:1212)
at org.testng.TestNG.runSuitesLocally(TestNG.java:1134)
at org.testng.TestNG.runSuites(TestNG.java:1063)
at org.testng.TestNG.run(TestNG.java:1031)
at org.testng.remote.AbstractRemoteTestNG.run(AbstractRemoteTestNG.java:115)
at org.testng.remote.RemoteTestNG.initAndRun(RemoteTestNG.java:251)
at org.testng.remote.RemoteTestNG.main(RemoteTestNG.java:77)
]]>
    </error>
  </testcase> <!-- launchBrowser -->
  <system-out/>
  <testcase classname="com.javalearning.ActionsLearn" name="menuHover" time="0.000">
    <skipped/>
  </testcase> <!-- menuHover -->
  <system-out/>
</testsuite> <!-- com.javalearning.ActionsLearn -->
